# Task 1.4 Migration Failure Recovery Evidence
Date: 2026-03-01
Repo: /opt/projects/NexusLog

## Recovery entrypoint declaration
- Primary: make db-migrate-*
- Direct: scripts/db-migrate.sh <subcommand>
- Runtime migrations dir: storage/postgresql/migrations

## Scenario 1: DB_DSN missing
Expected: command fails fast with clear error message.
$ ./scripts/db-migrate.sh version   # with DB_DSN and DATABASE_URL unset
ERROR: DB_DSN is not set (or DATABASE_URL fallback).
error: failed to parse scheme from database URL: URL cannot be empty
exit_code=1
Recovery command: export DB_DSN='postgres://nexuslog:nexuslog_dev@localhost:5432/nexuslog?sslmode=disable'

## Scenario 2: invalid STEPS argument
Expected: command rejects non-integer steps and exits non-zero.
$ DB_DSN='postgres://nexuslog:nexuslog_dev@localhost:5432/nexuslog?sslmode=disable' make db-migrate-down STEPS=abc
ERROR: down steps must be an integer
make: *** [Makefile:102: db-migrate-down] Error 1
exit_code=2
Recovery command: make db-migrate-down STEPS=1

## Scenario 3: dirty=true remediation path (reference-backed)
When schema_migrations is dirty, use the following recovery sequence:
1) scripts/db-migrate.sh goto <last_clean_version>
2) make db-migrate-up
3) docker compose exec -T postgres psql -U nexuslog -d nexuslog -c "SELECT version, dirty FROM schema_migrations;"

Historical evidence anchor (task 1.2 remediation):
13 (dirty)

## Step 2: Force version to 12 and continue up
forcing migration version to 12, then running up

## Step 3: Check final version
15

## Step 4: Verify schema_migrations
 version | dirty 
---------+-------
      15 | f
(1 row)

## Scenario 4: go mod download network failure -> mirror recovery
Recovery command path:
1) source /opt/projects/NexusLog/.env.mirrors
2) docker compose build --build-arg GOPROXY=$GOPROXY control-plane api-service query-api audit-api export-api

Historical evidence anchors (task 1.3):
1290:#29 [control-plane builder 5/7] RUN go mod download
1299:#32 [audit-api builder 6/8] RUN go mod download
1305:#34 [query-api builder 6/8] RUN go mod download
1308:#35 [api-service builder 5/7] RUN go mod download
1311:#36 [export-api builder 6/8] RUN go mod download
1314:#35 [api-service builder 5/7] RUN go mod download
1316:#35 ERROR: process "/bin/sh -c go mod download" did not complete successfully: exit code: 1
1318:#29 [control-plane builder 5/7] RUN go mod download
1324:#36 [export-api builder 6/8] RUN go mod download
1327:#32 [audit-api builder 6/8] RUN go mod download
1333:#34 [query-api builder 6/8] RUN go mod download
1336: > [api-service builder 5/7] RUN go mod download:
1339:failed to solve: process "/bin/sh -c go mod download" did not complete successfully: exit code: 1
1709:#32 [audit-api builder 6/8] RUN go mod download
1712:#33 [api-service builder 5/7] RUN go mod download
1715:#34 [export-api builder 6/8] RUN go mod download
1718:#35 [query-api builder 6/8] RUN go mod download
1721:#36 [control-plane builder 5/7] RUN go mod download
1725:#33 [api-service builder 5/7] RUN go mod download
1727:#33 ERROR: process "/bin/sh -c go mod download" did not complete successfully: exit code: 1
1729:#34 [export-api builder 6/8] RUN go mod download
1732:#35 [query-api builder 6/8] RUN go mod download
1735:#34 [export-api builder 6/8] RUN go mod download
1738:#32 [audit-api builder 6/8] RUN go mod download
1741:#36 [control-plane builder 5/7] RUN go mod download
1744: > [api-service builder 5/7] RUN go mod download:
1747:failed to solve: process "/bin/sh -c go mod download" did not complete successfully: exit code: 1
2174:## Step 3 Retry with .env.mirrors
2175:Using GOPROXY=https://goproxy.cn,direct
2177:$ docker compose build --build-arg GOPROXY=https://goproxy.cn,direct control-plane api-service query-api audit-api export-api
2351:#29 [api-service builder 5/7] RUN go mod download
2363:#33 [export-api builder 6/8] RUN go mod download
2366:#34 [control-plane builder 5/7] RUN go mod download
2369:#35 [audit-api builder 6/8] RUN go mod download
2372:#36 [query-api builder 6/8] RUN go mod download
2378:#29 [api-service builder 5/7] RUN go mod download
2381:#36 [query-api builder 6/8] RUN go mod download
2387:#34 [control-plane builder 5/7] RUN go mod download
2393:#33 [export-api builder 6/8] RUN go mod download
2396:#36 [query-api builder 6/8] RUN go mod download
2399:#35 [audit-api builder 6/8] RUN go mod download
2402:#36 [query-api builder 6/8] RUN go mod download
2495:#30 [control-plane builder 5/7] RUN go mod download
2498:#31 [api-service builder 5/7] RUN go mod download
2513:#34 [audit-api builder 6/8] RUN go mod download
2531:#35 [query-api builder 6/8] RUN go mod download
2572:#36 [export-api builder 6/8] RUN go mod download
2575:#31 [api-service builder 5/7] RUN go mod download
2581:#31 ERROR: process "/bin/sh -c go mod download" did not complete successfully: exit code: 1
2583:#36 [export-api builder 6/8] RUN go mod download
2590:#36 ERROR: process "/bin/sh -c go mod download" did not complete successfully: exit code: 1
2592:#35 [query-api builder 6/8] RUN go mod download
2594:#35 ERROR: process "/bin/sh -c go mod download" did not complete successfully: exit code: 1
2596:#34 [audit-api builder 6/8] RUN go mod download
2598:#34 ERROR: process "/bin/sh -c go mod download" did not complete successfully: exit code: 1
2600:#30 [control-plane builder 5/7] RUN go mod download
2609: > [api-service builder 5/7] RUN go mod download:
2613: > [audit-api builder 6/8] RUN go mod download:
2617: > [query-api builder 6/8] RUN go mod download:
2621: > [export-api builder 6/8] RUN go mod download:
2624:failed to solve: process "/bin/sh -c go mod download" did not complete successfully: exit code: 1

## Scenario 5: host port conflict -> no-publish health check recovery
Recovery command path:
1) docker compose run -d --no-deps --name nl-control-plane control-plane
2) docker exec nl-control-plane wget -qO- http://localhost:8080/healthz
3) repeat for api-service/query-api/audit-api/export-api

Historical evidence anchors (task 1.3):
2677:Error response from daemon: driver failed programming external connectivity on endpoint nexuslog-query-api-1 (b557177cd9cddede48e048fe1faca6ea31b3be6242a0048d81bb600d09b348aa): Bind for 0.0.0.0:8082 failed: port is already allocated
2742:Error response from daemon: driver failed programming external connectivity on endpoint nexuslog-control-plane-1 (39127d2363a61e586a9cb0012b37dbe78448a322baedbb438ea57c0fceeae32c): Bind for 0.0.0.0:18080 failed: port is already allocated
2804:Error response from daemon: driver failed programming external connectivity on endpoint nexuslog-query-api-1 (17aeb9e3adb05a482ea08048c39385a19410432d7c1803dcc7e33ebd1bcd76dc): Bind for 0.0.0.0:8082 failed: port is already allocated
2820:$ docker compose run -d --no-deps --name nl-control-plane control-plane
2822:$ docker compose run -d --no-deps --name nl-api-service api-service
2824:$ docker compose run -d --no-deps --name nl-query-api query-api
2826:$ docker compose run -d --no-deps --name nl-audit-api audit-api
2828:$ docker compose run -d --no-deps --name nl-export-api export-api
2834:result=PASS
2839:result=PASS
2844:result=PASS
2849:result=PASS
2854:result=PASS
2857:No-publish retry result: PASS (all core container health checks 200).

## Conclusion
Task 1.4 failure recovery steps verified as executable references at 2026-03-01.
