# task-8 scheduler 5s evidence
generated_at=2026-03-04T08:21:58Z

## pull_sources
{"code":"OK","data":{"items":[{"source_id":"31f0d08e-cc4d-4a88-9955-92768717e39e","name":"remote-all-logs-20260304153646","host":"172.29.0.1","port":16666,"protocol":"http","path":"/host-docker-containers/*/*-json.log","auth":"agent-key","agent_base_url":"http://172.29.0.1:16666","pull_interval_sec":5,"pull_timeout_sec":60,"key_ref":"e2e-keyref-final-success-20260304125634","status":"active","created_at":"2026-03-04T07:36:46.732856Z","updated_at":"2026-03-04T08:12:54.724494Z"},{"source_id":"0cfa9a2a-a183-4415-8953-bf58e619e13e","name":"remote-service-logs-20260304154042","host":"172.29.0.1","port":16666,"protocol":"http","path":"/host-var-log/*.log","auth":"agent-key","agent_base_url":"http://172.29.0.1:16666","pull_interval_sec":5,"pull_timeout_sec":60,"key_ref":"e2e-keyref-final-success-20260304125634","status":"active","created_at":"2026-03-04T07:40:42.119749Z","updated_at":"2026-03-04T08:12:54.703745Z"},{"source_id":"29d0e0d6-885b-4442-a9eb-f110c1aec22d","name":"e2e-source-final-success-20260304125634","host":"localhost","port":9091,"protocol":"http","path":"/var/log/nexuslog-e2e.log","auth":"agent-key","agent_base_url":"http://localhost:9091","pull_interval_sec":30,"pull_timeout_sec":30,"key_ref":"e2e-keyref-final-success-20260304125634","status":"active","created_at":"2026-03-04T04:56:35.87897Z","updated_at":"2026-03-04T04:56:35.87897Z"},{"source_id":"4e614b70-7b21-4856-a271-ce83470ee48b","name":"e2e-source-success-20260304125053","host":"172.29.0.1","port":9091,"protocol":"http","path":"/var/log/nexuslog-e2e.log","auth":"agent-key","agent_base_url":"http://172.29.0.1:9091","pull_interval_sec":30,"pull_timeout_sec":30,"key_ref":"e2e-keyref-success-20260304125053","status":"active","created_at":"2026-03-04T04:50:54.1295Z","updated_at":"2026-03-04T04:50:54.1295Z"},{"source_id":"77f6e38e-063c-4496-ae27-7a55ee74a8ea","name":"e2e-source-20260304122708","host":"collector-agent","port":9091,"protocol":"http","path":"/var/log/nexuslog-e2e.log","auth":"agent-key","agent_base_url":"http://collector-agent:9091","pull_interval_sec":30,"pull_timeout_sec":30,"key_ref":"e2e-keyref-20260304122708","status":"active","created_at":"2026-03-04T04:27:09.333478Z","updated_at":"2026-03-04T04:27:09.333478Z"}]},"message":"success","meta":{"has_next":false,"page":1,"page_size":200,"total":5},"request_id":"cp-1772612518-ddd16343cdcb"}

## pull_tasks_source_31f0
{"code":"OK","data":{"items":[{"task_id":"0ffec0d7-ff33-4573-a7bb-f431a723ccd1","source_id":"31f0d08e-cc4d-4a88-9955-92768717e39e","trigger_type":"scheduled","options":{"timeout_ms":60000},"status":"success","request_id":"cp-task-1772612514-de6b7f6c","batch_id":"batch-9fcc51f02b0129a11919dd86","last_cursor":"481500","scheduled_at":"2026-03-04T08:21:54.77176Z","started_at":"2026-03-04T08:21:54.773724Z","finished_at":"2026-03-04T08:21:54.85581Z","created_at":"2026-03-04T08:21:54.77176Z","updated_at":"2026-03-04T08:21:54.85581Z"},{"task_id":"7c0165ab-0adf-463a-ad3f-9868b3d88b69","source_id":"31f0d08e-cc4d-4a88-9955-92768717e39e","trigger_type":"scheduled","options":{"timeout_ms":60000},"status":"success","request_id":"cp-task-1772612508-88156898","batch_id":"batch-d9b5f58c69b7b67f866c3fe8","last_cursor":"480000","scheduled_at":"2026-03-04T08:21:48.771589Z","started_at":"2026-03-04T08:21:48.772988Z","finished_at":"2026-03-04T08:21:48.84621Z","created_at":"2026-03-04T08:21:48.771589Z","updated_at":"2026-03-04T08:21:48.84621Z"},{"task_id":"3b6075f3-9f75-48e5-a620-a46e1653350b","source_id":"31f0d08e-cc4d-4a88-9955-92768717e39e","trigger_type":"scheduled","options":{"timeout_ms":60000},"status":"success","request_id":"cp-task-1772612502-f7e53309","batch_id":"batch-ee7567061d2ea648ac2f75d7","last_cursor":"478500","scheduled_at":"2026-03-04T08:21:42.771055Z","started_at":"2026-03-04T08:21:42.772942Z","finished_at":"2026-03-04T08:21:42.867478Z","created_at":"2026-03-04T08:21:42.771055Z","updated_at":"2026-03-04T08:21:42.867478Z"},{"task_id":"eb162bda-a4d6-4c90-8da8-aec89f0e145b","source_id":"31f0d08e-cc4d-4a88-9955-92768717e39e","trigger_type":"scheduled","options":{"timeout_ms":60000},"status":"success","request_id":"cp-task-1772612496-784f8c26","batch_id":"batch-2e44a5d7efab2f05d2a362f8","last_cursor":"477500","scheduled_at":"2026-03-04T08:21:36.77154Z","started_at":"2026-03-04T08:21:36.773503Z","finished_at":"2026-03-04T08:21:36.858754Z","created_at":"2026-03-04T08:21:36.77154Z","updated_at":"2026-03-04T08:21:36.858754Z"},{"task_id":"48f9fed2-e7dc-4788-bddb-f3d6e9bec17f","source_id":"31f0d08e-cc4d-4a88-9955-92768717e39e","trigger_type":"scheduled","options":{"timeout_ms":60000},"status":"success","request_id":"cp-task-1772612490-10eb0ec4","batch_id":"batch-c60782bf08ba0896fb6d6f3f","last_cursor":"476500","scheduled_at":"2026-03-04T08:21:30.771034Z","started_at":"2026-03-04T08:21:30.773229Z","finished_at":"2026-03-04T08:21:30.852491Z","created_at":"2026-03-04T08:21:30.771034Z","updated_at":"2026-03-04T08:21:30.852491Z"},{"task_id":"29cb4604-200c-4850-8476-b6f35631c127","source_id":"31f0d08e-cc4d-4a88-9955-92768717e39e","trigger_type":"scheduled","options":{"timeout_ms":60000},"status":"success","request_id":"cp-task-1772612485-145c8d3c","batch_id":"batch-baf1679b8604f1b137c9b1d3","last_cursor":"475500","scheduled_at":"2026-03-04T08:21:25.769401Z","started_at":"2026-03-04T08:21:25.771723Z","finished_at":"2026-03-04T08:21:25.86152Z","created_at":"2026-03-04T08:21:25.769401Z","updated_at":"2026-03-04T08:21:25.86152Z"},{"task_id":"3b247f4b-39c1-413b-a644-7a1f87debfde","source_id":"31f0d08e-cc4d-4a88-9955-92768717e39e","trigger_type":"scheduled","options":{"timeout_ms":60000},"status":"success","request_id":"cp-task-1772612479-048e3bf3","batch_id":"batch-6405c386839b97275c098e0a","last_cursor":"474500","scheduled_at":"2026-03-04T08:21:19.770881Z","started_at":"2026-03-04T08:21:19.772688Z","finished_at":"2026-03-04T08:21:19.847514Z","created_at":"2026-03-04T08:21:19.770881Z","updated_at":"2026-03-04T08:21:19.847514Z"},{"task_id":"cbf0c4a2-a860-4d47-9ef0-2abc28a693fd","source_id":"31f0d08e-cc4d-4a88-9955-92768717e39e","trigger_type":"scheduled","options":{"timeout_ms":60000},"status":"success","request_id":"cp-task-1772612474-73a6291a","batch_id":"batch-f6e5d32ff1780e086e893327","last_cursor":"473500","scheduled_at":"2026-03-04T08:21:14.769132Z","started_at":"2026-03-04T08:21:14.770422Z","finished_at":"2026-03-04T08:21:14.841447Z","created_at":"2026-03-04T08:21:14.769132Z","updated_at":"2026-03-04T08:21:14.841447Z"},{"task_id":"74d9d35b-176d-4366-85f1-3e26820a5fed","source_id":"31f0d08e-cc4d-4a88-9955-92768717e39e","trigger_type":"scheduled","options":{"timeout_ms":60000},"status":"success","request_id":"cp-task-1772612468-30119d90","batch_id":"batch-2088d16ceff6d69363a5d273","last_cursor":"471500","scheduled_at":"2026-03-04T08:21:08.769424Z","started_at":"2026-03-04T08:21:08.770864Z","finished_at":"2026-03-04T08:21:08.850522Z","created_at":"2026-03-04T08:21:08.769424Z","updated_at":"2026-03-04T08:21:08.850522Z"},{"task_id":"1cf8d7da-0459-4c3c-9a57-b98669bddd6f","source_id":"31f0d08e-cc4d-4a88-9955-92768717e39e","trigger_type":"scheduled","options":{"timeout_ms":60000},"status":"success","request_id":"cp-task-1772612462-586dca77","batch_id":"batch-8966d6933bbe5f312d247a50","last_cursor":"470500","scheduled_at":"2026-03-04T08:21:02.771306Z","started_at":"2026-03-04T08:21:02.772382Z","finished_at":"2026-03-04T08:21:02.844885Z","created_at":"2026-03-04T08:21:02.771306Z","updated_at":"2026-03-04T08:21:02.844885Z"}]},"message":"success","meta":{"has_next":true,"page":1,"page_size":10,"total":110},"request_id":"cp-1772612518-04b6b2341976"}

## pull_tasks_source_0cfa
{"code":"OK","data":{"items":[{"task_id":"034e097b-0f07-4353-87a8-48dca03b82a7","source_id":"0cfa9a2a-a183-4415-8953-bf58e619e13e","trigger_type":"scheduled","options":{"timeout_ms":60000},"status":"success","request_id":"cp-task-1772612515-cdf4d3fa","batch_id":"batch-b57053c19c417cc80dca1550","last_cursor":"482000","scheduled_at":"2026-03-04T08:21:55.771731Z","started_at":"2026-03-04T08:21:55.773049Z","finished_at":"2026-03-04T08:21:55.852027Z","created_at":"2026-03-04T08:21:55.771731Z","updated_at":"2026-03-04T08:21:55.852027Z"},{"task_id":"1682ff5c-27fc-4beb-9223-dfa3c8520ff6","source_id":"0cfa9a2a-a183-4415-8953-bf58e619e13e","trigger_type":"scheduled","options":{"timeout_ms":60000},"status":"success","request_id":"cp-task-1772612509-4f7e2bab","batch_id":"batch-b7b8b51b19dc34cf2ed01588","last_cursor":"480500","scheduled_at":"2026-03-04T08:21:49.774611Z","started_at":"2026-03-04T08:21:49.776023Z","finished_at":"2026-03-04T08:21:49.887749Z","created_at":"2026-03-04T08:21:49.774611Z","updated_at":"2026-03-04T08:21:49.887749Z"},{"task_id":"4aa19c61-f1f8-4a14-b2d1-43b8de390f06","source_id":"0cfa9a2a-a183-4415-8953-bf58e619e13e","trigger_type":"scheduled","options":{"timeout_ms":60000},"status":"success","request_id":"cp-task-1772612504-d8649ebc","batch_id":"batch-a70895b1dfe71e3ca6fc89b3","last_cursor":"479500","scheduled_at":"2026-03-04T08:21:44.771388Z","started_at":"2026-03-04T08:21:44.774301Z","finished_at":"2026-03-04T08:21:44.866229Z","created_at":"2026-03-04T08:21:44.771388Z","updated_at":"2026-03-04T08:21:44.866229Z"},{"task_id":"4f3f162f-6f95-47c2-ac50-99a9c4000fd9","source_id":"0cfa9a2a-a183-4415-8953-bf58e619e13e","trigger_type":"scheduled","options":{"timeout_ms":60000},"status":"success","request_id":"cp-task-1772612498-596ba981","batch_id":"batch-c552da2eb6ffffb27c00aee0","last_cursor":"478000","scheduled_at":"2026-03-04T08:21:38.773441Z","started_at":"2026-03-04T08:21:38.775468Z","finished_at":"2026-03-04T08:21:38.847883Z","created_at":"2026-03-04T08:21:38.773441Z","updated_at":"2026-03-04T08:21:38.847883Z"},{"task_id":"1f9ec7fe-8786-4800-a6bf-b81ec45988ec","source_id":"0cfa9a2a-a183-4415-8953-bf58e619e13e","trigger_type":"scheduled","options":{"timeout_ms":60000},"status":"success","request_id":"cp-task-1772612492-79167c2f","batch_id":"batch-b636121aefddd23fcaa2fa50","last_cursor":"477000","scheduled_at":"2026-03-04T08:21:32.773056Z","started_at":"2026-03-04T08:21:32.774338Z","finished_at":"2026-03-04T08:21:32.850448Z","created_at":"2026-03-04T08:21:32.773056Z","updated_at":"2026-03-04T08:21:32.850448Z"},{"task_id":"ced93b75-c4b6-414f-aabd-8ddb0233f970","source_id":"0cfa9a2a-a183-4415-8953-bf58e619e13e","trigger_type":"scheduled","options":{"timeout_ms":60000},"status":"success","request_id":"cp-task-1772612487-04ebe014","batch_id":"batch-69321fb622e367c352b72050","last_cursor":"476000","scheduled_at":"2026-03-04T08:21:27.769446Z","started_at":"2026-03-04T08:21:27.770484Z","finished_at":"2026-03-04T08:21:27.844834Z","created_at":"2026-03-04T08:21:27.769446Z","updated_at":"2026-03-04T08:21:27.844834Z"},{"task_id":"eea6e8bc-b8c5-4e9a-956c-8b37db520107","source_id":"0cfa9a2a-a183-4415-8953-bf58e619e13e","trigger_type":"scheduled","options":{"timeout_ms":60000},"status":"success","request_id":"cp-task-1772612481-d1b18308","batch_id":"batch-af955f210ca4345b44e9032e","last_cursor":"475000","scheduled_at":"2026-03-04T08:21:21.77144Z","started_at":"2026-03-04T08:21:21.773248Z","finished_at":"2026-03-04T08:21:21.852944Z","created_at":"2026-03-04T08:21:21.77144Z","updated_at":"2026-03-04T08:21:21.852944Z"},{"task_id":"82d6e118-d588-484d-8547-9acc5a981cfe","source_id":"0cfa9a2a-a183-4415-8953-bf58e619e13e","trigger_type":"scheduled","options":{"timeout_ms":60000},"status":"success","request_id":"cp-task-1772612475-3650336d","batch_id":"batch-43aa7b9de779596b8ffb57f7","last_cursor":"474000","scheduled_at":"2026-03-04T08:21:15.770427Z","started_at":"2026-03-04T08:21:15.771584Z","finished_at":"2026-03-04T08:21:15.849972Z","created_at":"2026-03-04T08:21:15.770427Z","updated_at":"2026-03-04T08:21:15.849972Z"},{"task_id":"f1acb72b-c474-4bec-bf4d-e9382dddcf3e","source_id":"0cfa9a2a-a183-4415-8953-bf58e619e13e","trigger_type":"scheduled","options":{"timeout_ms":60000},"status":"success","request_id":"cp-task-1772612469-7295ef2f","batch_id":"batch-a3fc26b78a50a4fbf4b88c78","last_cursor":"472500","scheduled_at":"2026-03-04T08:21:09.77178Z","started_at":"2026-03-04T08:21:09.772719Z","finished_at":"2026-03-04T08:21:09.852515Z","created_at":"2026-03-04T08:21:09.77178Z","updated_at":"2026-03-04T08:21:09.852515Z"},{"task_id":"271e65d3-f32e-4e0e-aabb-bc4c9c291b17","source_id":"0cfa9a2a-a183-4415-8953-bf58e619e13e","trigger_type":"scheduled","options":{"timeout_ms":60000},"status":"success","request_id":"cp-task-1772612463-2b44e287","batch_id":"batch-6d5ea03a34691d372a0d4be3","last_cursor":"471000","scheduled_at":"2026-03-04T08:21:03.771636Z","started_at":"2026-03-04T08:21:03.773088Z","finished_at":"2026-03-04T08:21:03.862404Z","created_at":"2026-03-04T08:21:03.771636Z","updated_at":"2026-03-04T08:21:03.862404Z"}]},"message":"success","meta":{"has_next":true,"page":1,"page_size":10,"total":109},"request_id":"cp-1772612518-4e690be9d234"}

## es_count_samples_every_5s
2026-03-04T08:21:58Z count=108506
2026-03-04T08:22:03Z count=109506
2026-03-04T08:22:08Z count=110506
2026-03-04T08:22:13Z count=111006
2026-03-04T08:22:18Z count=112006
2026-03-04T08:22:23Z count=112506

## es_latest_doc
{"took":13,"timed_out":false,"_shards":{"total":1,"successful":1,"skipped":0,"failed":0},"hits":{"total":{"value":10000,"relation":"gte"},"max_score":null,"hits":[{"_index":"logs-remote","_id":"172.29.0.1:batch-db94aaf909610af657ab6837:rec-486545","_score":null,"_source":{"@timestamp":"2026-03-04T08:20:44.729000208Z","batch_id":"batch-db94aaf909610af657ab6837","message":"Mar  4 13:13:14 dev-server-centos8 chronyd[1094]: Can't synchronise: no majority","record_id":"rec-486545","request_id":"cp-task-1772612543-2d239c84","source_id":"0cfa9a2a-a183-4415-8953-bf58e619e13e"},"sort":[1772612444729]}]}}

## control_plane_scheduler_logs
control-plane-1  | 2026/03/04 08:19:30 ingest scheduler created task source_id=31f0d08e-cc4d-4a88-9955-92768717e39e task_id=e0df2576-26ab-4063-a592-c3962679bd23 interval_sec=5
control-plane-1  | 2026/03/04 08:19:30 ingest scheduler created task source_id=0cfa9a2a-a183-4415-8953-bf58e619e13e task_id=5d225b33-7490-4ddc-a3f2-b5edfef4f7cf interval_sec=5
control-plane-1  | 2026/03/04 08:19:33 ingest scheduler created task source_id=29d0e0d6-885b-4442-a9eb-f110c1aec22d task_id=cba32ddf-97e2-4421-a2ed-836ae289c21e interval_sec=30
control-plane-1  | 2026/03/04 08:19:33 ingest scheduler created task source_id=77f6e38e-063c-4496-ae27-7a55ee74a8ea task_id=e04f425c-6b0b-4749-b229-3770da376f4c interval_sec=30
control-plane-1  | 2026/03/04 08:19:36 ingest scheduler created task source_id=31f0d08e-cc4d-4a88-9955-92768717e39e task_id=2e4847fa-6432-48cd-8750-9156483cb0e7 interval_sec=5
control-plane-1  | 2026/03/04 08:19:36 ingest scheduler created task source_id=0cfa9a2a-a183-4415-8953-bf58e619e13e task_id=8f84ee4e-e65c-4623-94b5-75d9cab32085 interval_sec=5
control-plane-1  | 2026/03/04 08:19:42 ingest scheduler created task source_id=31f0d08e-cc4d-4a88-9955-92768717e39e task_id=191eeeb6-93ba-4384-bb5f-664e92f25a06 interval_sec=5
control-plane-1  | 2026/03/04 08:19:42 ingest scheduler created task source_id=0cfa9a2a-a183-4415-8953-bf58e619e13e task_id=ce3caef8-09ca-4ec2-afb0-262a36954131 interval_sec=5
control-plane-1  | 2026/03/04 08:19:47 ingest scheduler created task source_id=31f0d08e-cc4d-4a88-9955-92768717e39e task_id=0b946125-85e1-44af-82ae-d62abadacb80 interval_sec=5
control-plane-1  | 2026/03/04 08:19:47 ingest scheduler created task source_id=0cfa9a2a-a183-4415-8953-bf58e619e13e task_id=c3040157-74c6-4966-8457-70be4377d5eb interval_sec=5
control-plane-1  | 2026/03/04 08:19:53 ingest scheduler created task source_id=31f0d08e-cc4d-4a88-9955-92768717e39e task_id=11278de0-37e2-40f8-b601-0ad961478777 interval_sec=5
control-plane-1  | 2026/03/04 08:19:53 ingest scheduler created task source_id=0cfa9a2a-a183-4415-8953-bf58e619e13e task_id=72631ef5-a0b9-475c-a433-472c24ac93ee interval_sec=5
control-plane-1  | 2026/03/04 08:19:59 ingest scheduler created task source_id=31f0d08e-cc4d-4a88-9955-92768717e39e task_id=c9d4ef7f-b3e5-4690-8264-18c347707c75 interval_sec=5
control-plane-1  | 2026/03/04 08:19:59 ingest scheduler created task source_id=0cfa9a2a-a183-4415-8953-bf58e619e13e task_id=87cdf434-5169-4412-bb37-3604638bf6f1 interval_sec=5
control-plane-1  | 2026/03/04 08:20:03 ingest scheduler created task source_id=29d0e0d6-885b-4442-a9eb-f110c1aec22d task_id=5f9a58b5-c3df-4e21-8251-6bde845da292 interval_sec=30
control-plane-1  | 2026/03/04 08:20:03 ingest scheduler created task source_id=77f6e38e-063c-4496-ae27-7a55ee74a8ea task_id=cd4375bf-b78c-4cc0-a666-fa33d44ca8ac interval_sec=30
control-plane-1  | 2026/03/04 08:20:05 ingest scheduler created task source_id=31f0d08e-cc4d-4a88-9955-92768717e39e task_id=27ef0253-68cd-4479-9a54-e6417d996f99 interval_sec=5
control-plane-1  | 2026/03/04 08:20:05 ingest scheduler created task source_id=0cfa9a2a-a183-4415-8953-bf58e619e13e task_id=f18d92b1-008f-4281-aaa8-a249c4b19a33 interval_sec=5
control-plane-1  | 2026/03/04 08:20:11 ingest scheduler created task source_id=31f0d08e-cc4d-4a88-9955-92768717e39e task_id=ac5f8e18-d6e4-420b-9a57-6ea9b5eabbf9 interval_sec=5
control-plane-1  | 2026/03/04 08:20:11 ingest scheduler created task source_id=0cfa9a2a-a183-4415-8953-bf58e619e13e task_id=62855946-907d-42c7-aee8-128bd8f5fc76 interval_sec=5
control-plane-1  | 2026/03/04 08:20:17 ingest scheduler created task source_id=31f0d08e-cc4d-4a88-9955-92768717e39e task_id=ae38ce79-9177-4d0f-871f-92ad37b65caa interval_sec=5
control-plane-1  | 2026/03/04 08:20:17 ingest scheduler created task source_id=0cfa9a2a-a183-4415-8953-bf58e619e13e task_id=6f4178c0-159e-4e6b-a47c-dbef02efaa80 interval_sec=5
control-plane-1  | 2026/03/04 08:20:23 ingest scheduler created task source_id=31f0d08e-cc4d-4a88-9955-92768717e39e task_id=50117358-4da2-4679-bb13-f48fdda84ff4 interval_sec=5
control-plane-1  | 2026/03/04 08:20:23 ingest scheduler created task source_id=0cfa9a2a-a183-4415-8953-bf58e619e13e task_id=bc8b217b-592c-43f7-88c6-fcccb630bdb6 interval_sec=5
control-plane-1  | 2026/03/04 08:20:29 ingest scheduler created task source_id=31f0d08e-cc4d-4a88-9955-92768717e39e task_id=fac8a3bc-daa1-497a-9850-a798c2e8f659 interval_sec=5
control-plane-1  | 2026/03/04 08:20:29 ingest scheduler created task source_id=0cfa9a2a-a183-4415-8953-bf58e619e13e task_id=352b2905-4dcc-446d-a3ee-913dd79d025f interval_sec=5
control-plane-1  | 2026/03/04 08:20:34 ingest scheduler created task source_id=29d0e0d6-885b-4442-a9eb-f110c1aec22d task_id=6bb98b2f-1b08-4473-b4b6-afb6623412bf interval_sec=30
control-plane-1  | 2026/03/04 08:20:34 ingest scheduler created task source_id=77f6e38e-063c-4496-ae27-7a55ee74a8ea task_id=71213ae5-e0fd-4b4d-8e42-57926dd811c8 interval_sec=30
control-plane-1  | 2026/03/04 08:20:35 ingest scheduler created task source_id=31f0d08e-cc4d-4a88-9955-92768717e39e task_id=b764a5a7-f3fa-4a64-a148-c6e3125ec4a0 interval_sec=5
control-plane-1  | 2026/03/04 08:20:35 ingest scheduler created task source_id=0cfa9a2a-a183-4415-8953-bf58e619e13e task_id=7c49dae1-9966-4306-be30-0a2b7b03e312 interval_sec=5
control-plane-1  | 2026/03/04 08:20:40 ingest scheduler created task source_id=31f0d08e-cc4d-4a88-9955-92768717e39e task_id=96230a01-c6f2-413a-aebb-951e06a3508a interval_sec=5
control-plane-1  | 2026/03/04 08:20:40 ingest scheduler created task source_id=0cfa9a2a-a183-4415-8953-bf58e619e13e task_id=11f88317-9508-41a7-9ff7-153182a9b523 interval_sec=5
control-plane-1  | 2026/03/04 08:20:46 ingest scheduler created task source_id=31f0d08e-cc4d-4a88-9955-92768717e39e task_id=75412a60-6d1a-4ddf-a2d7-72fa04d36855 interval_sec=5
control-plane-1  | 2026/03/04 08:20:46 ingest scheduler created task source_id=0cfa9a2a-a183-4415-8953-bf58e619e13e task_id=f329a868-1670-411c-8407-77d628b067d6 interval_sec=5
control-plane-1  | 2026/03/04 08:20:51 ingest scheduler created task source_id=31f0d08e-cc4d-4a88-9955-92768717e39e task_id=3bac98e1-35c5-4088-a6e0-6c581abdb111 interval_sec=5
control-plane-1  | 2026/03/04 08:20:51 ingest scheduler created task source_id=0cfa9a2a-a183-4415-8953-bf58e619e13e task_id=d7fe328c-e630-4530-9977-0cbc235f3540 interval_sec=5
control-plane-1  | 2026/03/04 08:20:57 ingest scheduler created task source_id=31f0d08e-cc4d-4a88-9955-92768717e39e task_id=f0893d41-fac7-4266-b29d-803c6def51d5 interval_sec=5
control-plane-1  | 2026/03/04 08:20:57 ingest scheduler created task source_id=0cfa9a2a-a183-4415-8953-bf58e619e13e task_id=e01de400-c01c-4d80-869b-c07f9bd85f18 interval_sec=5
control-plane-1  | 2026/03/04 08:21:02 ingest scheduler created task source_id=31f0d08e-cc4d-4a88-9955-92768717e39e task_id=1cf8d7da-0459-4c3c-9a57-b98669bddd6f interval_sec=5
control-plane-1  | 2026/03/04 08:21:03 ingest scheduler created task source_id=0cfa9a2a-a183-4415-8953-bf58e619e13e task_id=271e65d3-f32e-4e0e-aabb-bc4c9c291b17 interval_sec=5
control-plane-1  | 2026/03/04 08:21:04 ingest scheduler created task source_id=29d0e0d6-885b-4442-a9eb-f110c1aec22d task_id=4fc66005-0719-4d92-b2e2-7b67ec2be99d interval_sec=30
control-plane-1  | 2026/03/04 08:21:05 ingest scheduler created task source_id=77f6e38e-063c-4496-ae27-7a55ee74a8ea task_id=89b1268d-481e-45d4-8348-dba4420517c0 interval_sec=30
control-plane-1  | 2026/03/04 08:21:08 ingest scheduler created task source_id=31f0d08e-cc4d-4a88-9955-92768717e39e task_id=74d9d35b-176d-4366-85f1-3e26820a5fed interval_sec=5
control-plane-1  | 2026/03/04 08:21:09 ingest scheduler created task source_id=0cfa9a2a-a183-4415-8953-bf58e619e13e task_id=f1acb72b-c474-4bec-bf4d-e9382dddcf3e interval_sec=5
control-plane-1  | 2026/03/04 08:21:14 ingest scheduler created task source_id=31f0d08e-cc4d-4a88-9955-92768717e39e task_id=cbf0c4a2-a860-4d47-9ef0-2abc28a693fd interval_sec=5
control-plane-1  | 2026/03/04 08:21:15 ingest scheduler created task source_id=0cfa9a2a-a183-4415-8953-bf58e619e13e task_id=82d6e118-d588-484d-8547-9acc5a981cfe interval_sec=5
control-plane-1  | 2026/03/04 08:21:19 ingest scheduler created task source_id=31f0d08e-cc4d-4a88-9955-92768717e39e task_id=3b247f4b-39c1-413b-a644-7a1f87debfde interval_sec=5
control-plane-1  | 2026/03/04 08:21:21 ingest scheduler created task source_id=0cfa9a2a-a183-4415-8953-bf58e619e13e task_id=eea6e8bc-b8c5-4e9a-956c-8b37db520107 interval_sec=5
control-plane-1  | 2026/03/04 08:21:25 ingest scheduler created task source_id=31f0d08e-cc4d-4a88-9955-92768717e39e task_id=29cb4604-200c-4850-8476-b6f35631c127 interval_sec=5
control-plane-1  | 2026/03/04 08:21:27 ingest scheduler created task source_id=0cfa9a2a-a183-4415-8953-bf58e619e13e task_id=ced93b75-c4b6-414f-aabd-8ddb0233f970 interval_sec=5
control-plane-1  | 2026/03/04 08:21:30 ingest scheduler created task source_id=31f0d08e-cc4d-4a88-9955-92768717e39e task_id=48f9fed2-e7dc-4788-bddb-f3d6e9bec17f interval_sec=5
control-plane-1  | 2026/03/04 08:21:32 ingest scheduler created task source_id=0cfa9a2a-a183-4415-8953-bf58e619e13e task_id=1f9ec7fe-8786-4800-a6bf-b81ec45988ec interval_sec=5
control-plane-1  | 2026/03/04 08:21:35 ingest scheduler created task source_id=29d0e0d6-885b-4442-a9eb-f110c1aec22d task_id=cbb2d168-c47f-4061-ae09-36c4b8c77f7c interval_sec=30
control-plane-1  | 2026/03/04 08:21:35 ingest scheduler created task source_id=77f6e38e-063c-4496-ae27-7a55ee74a8ea task_id=5621b2ec-6b8f-4a4c-abdc-96b5ff1ecfd5 interval_sec=30
control-plane-1  | 2026/03/04 08:21:36 ingest scheduler created task source_id=31f0d08e-cc4d-4a88-9955-92768717e39e task_id=eb162bda-a4d6-4c90-8da8-aec89f0e145b interval_sec=5
control-plane-1  | 2026/03/04 08:21:38 ingest scheduler created task source_id=0cfa9a2a-a183-4415-8953-bf58e619e13e task_id=4f3f162f-6f95-47c2-ac50-99a9c4000fd9 interval_sec=5
control-plane-1  | 2026/03/04 08:21:42 ingest scheduler created task source_id=31f0d08e-cc4d-4a88-9955-92768717e39e task_id=3b6075f3-9f75-48e5-a620-a46e1653350b interval_sec=5
control-plane-1  | 2026/03/04 08:21:44 ingest scheduler created task source_id=0cfa9a2a-a183-4415-8953-bf58e619e13e task_id=4aa19c61-f1f8-4a14-b2d1-43b8de390f06 interval_sec=5
control-plane-1  | 2026/03/04 08:21:48 ingest scheduler created task source_id=31f0d08e-cc4d-4a88-9955-92768717e39e task_id=7c0165ab-0adf-463a-ad3f-9868b3d88b69 interval_sec=5
control-plane-1  | 2026/03/04 08:21:49 ingest scheduler created task source_id=0cfa9a2a-a183-4415-8953-bf58e619e13e task_id=1682ff5c-27fc-4beb-9223-dfa3c8520ff6 interval_sec=5
control-plane-1  | 2026/03/04 08:21:54 ingest scheduler created task source_id=31f0d08e-cc4d-4a88-9955-92768717e39e task_id=0ffec0d7-ff33-4573-a7bb-f431a723ccd1 interval_sec=5
control-plane-1  | 2026/03/04 08:21:55 ingest scheduler created task source_id=0cfa9a2a-a183-4415-8953-bf58e619e13e task_id=034e097b-0f07-4353-87a8-48dca03b82a7 interval_sec=5
control-plane-1  | 2026/03/04 08:22:00 ingest scheduler created task source_id=31f0d08e-cc4d-4a88-9955-92768717e39e task_id=7f443708-cdd0-4503-9a44-f745176296c1 interval_sec=5
control-plane-1  | 2026/03/04 08:22:00 ingest scheduler created task source_id=0cfa9a2a-a183-4415-8953-bf58e619e13e task_id=8c3e0dee-d4a0-4835-819d-e6ab4965f39b interval_sec=5
control-plane-1  | 2026/03/04 08:22:06 ingest scheduler created task source_id=31f0d08e-cc4d-4a88-9955-92768717e39e task_id=05f4326a-a0d3-4528-b00f-3fe36da24df1 interval_sec=5
control-plane-1  | 2026/03/04 08:22:06 ingest scheduler created task source_id=0cfa9a2a-a183-4415-8953-bf58e619e13e task_id=49bc5c8a-e172-4575-a931-b5a178198f20 interval_sec=5
control-plane-1  | 2026/03/04 08:22:06 ingest scheduler created task source_id=29d0e0d6-885b-4442-a9eb-f110c1aec22d task_id=d181bb27-b157-494a-b8df-0f38ed1225c5 interval_sec=30
control-plane-1  | 2026/03/04 08:22:06 ingest scheduler created task source_id=77f6e38e-063c-4496-ae27-7a55ee74a8ea task_id=452f830d-3d11-44ac-ab50-e561b2195cc3 interval_sec=30
control-plane-1  | 2026/03/04 08:22:11 ingest scheduler created task source_id=31f0d08e-cc4d-4a88-9955-92768717e39e task_id=070ea6fa-dc08-488d-be53-73f73cc467b4 interval_sec=5
control-plane-1  | 2026/03/04 08:22:12 ingest scheduler created task source_id=0cfa9a2a-a183-4415-8953-bf58e619e13e task_id=4043876b-f3ca-4ca2-b9a4-f86e4940b00f interval_sec=5
control-plane-1  | 2026/03/04 08:22:16 ingest scheduler created task source_id=31f0d08e-cc4d-4a88-9955-92768717e39e task_id=6f1e3a19-0b0e-4a0a-a304-287c3c15d389 interval_sec=5
control-plane-1  | 2026/03/04 08:22:18 ingest scheduler created task source_id=0cfa9a2a-a183-4415-8953-bf58e619e13e task_id=61e9c18a-4762-48f2-847b-3dccdaf670d7 interval_sec=5
control-plane-1  | 2026/03/04 08:22:22 ingest scheduler created task source_id=31f0d08e-cc4d-4a88-9955-92768717e39e task_id=6e151071-925d-422d-a679-efff05d93777 interval_sec=5
control-plane-1  | 2026/03/04 08:22:23 ingest scheduler created task source_id=0cfa9a2a-a183-4415-8953-bf58e619e13e task_id=7af69ca5-9f42-4fc2-9a82-6993b0ef1811 interval_sec=5
control-plane-1  | 2026/03/04 08:22:28 ingest scheduler created task source_id=31f0d08e-cc4d-4a88-9955-92768717e39e task_id=56394fdf-41e7-4806-8b08-b19ce2722c2e interval_sec=5
